2023-11-11 10:56:05,275 INFO c.e.p.PokerRatingServiceApplication [restartedMain] Starting PokerRatingServiceApplication using Java 19.0.2 with PID 5996 (C:\java\projects\PokerRatingService\target\classes started by r in C:\java\projects\PokerRatingService)
2023-11-11 10:56:05,281 INFO c.e.p.PokerRatingServiceApplication [restartedMain] No active profile set, falling back to 1 default profile: "default"
2023-11-11 10:56:05,326 INFO o.s.b.d.e.DevToolsPropertyDefaultsPostProcessor [restartedMain] Devtools property defaults active! Set 'spring.devtools.add-properties' to 'false' to disable
2023-11-11 10:56:05,327 INFO o.s.b.d.e.DevToolsPropertyDefaultsPostProcessor [restartedMain] For additional web related logging consider setting the 'logging.level.web' property to 'DEBUG'
2023-11-11 10:56:06,075 INFO o.s.d.r.c.RepositoryConfigurationDelegate [restartedMain] Bootstrapping Spring Data JPA repositories in DEFAULT mode.
2023-11-11 10:56:06,159 INFO o.s.d.r.c.RepositoryConfigurationDelegate [restartedMain] Finished Spring Data repository scanning in 71 ms. Found 2 JPA repository interfaces.
2023-11-11 10:56:06,754 INFO o.s.b.w.e.t.TomcatWebServer [restartedMain] Tomcat initialized with port(s): 8080 (http)
2023-11-11 10:56:06,761 INFO o.a.c.h.Http11NioProtocol [restartedMain] Initializing ProtocolHandler ["http-nio-8080"]
2023-11-11 10:56:06,764 INFO o.a.c.c.StandardService [restartedMain] Starting service [Tomcat]
2023-11-11 10:56:06,764 INFO o.a.c.c.StandardEngine [restartedMain] Starting Servlet engine: [Apache Tomcat/10.1.13]
2023-11-11 10:56:06,818 INFO o.a.c.c.C.[.[.[/] [restartedMain] Initializing Spring embedded WebApplicationContext
2023-11-11 10:56:06,818 INFO o.s.b.w.s.c.ServletWebServerApplicationContext [restartedMain] Root WebApplicationContext: initialization completed in 1491 ms
2023-11-11 10:56:06,974 INFO o.h.j.i.u.LogHelper [restartedMain] HHH000204: Processing PersistenceUnitInfo [name: default]
2023-11-11 10:56:07,070 INFO o.h.Version [restartedMain] HHH000412: Hibernate ORM core version 6.2.9.Final
2023-11-11 10:56:07,072 INFO o.h.c.Environment [restartedMain] HHH000406: Using bytecode reflection optimizer
2023-11-11 10:56:07,229 INFO o.h.b.i.BytecodeProviderInitiator [restartedMain] HHH000021: Bytecode provider name : bytebuddy
2023-11-11 10:56:07,384 INFO o.s.o.j.p.SpringPersistenceUnitInfo [restartedMain] No LoadTimeWeaver setup: ignoring JPA class transformer
2023-11-11 10:56:07,404 INFO c.z.h.HikariDataSource [restartedMain] HikariPool-1 - Starting...
2023-11-11 10:56:07,601 INFO c.z.h.p.HikariPool [restartedMain] HikariPool-1 - Added connection org.postgresql.jdbc.PgConnection@1ce6b525
2023-11-11 10:56:07,603 INFO c.z.h.HikariDataSource [restartedMain] HikariPool-1 - Start completed.
2023-11-11 10:56:07,874 INFO o.h.b.i.BytecodeProviderInitiator [restartedMain] HHH000021: Bytecode provider name : bytebuddy
2023-11-11 10:56:08,501 INFO o.h.e.t.j.p.i.JtaPlatformInitiator [restartedMain] HHH000490: Using JtaPlatform implementation: [org.hibernate.engine.transaction.jta.platform.internal.NoJtaPlatform]
2023-11-11 10:56:08,567 DEBUG o.h.SQL [restartedMain] alter table if exists "hand" alter column "max_players" set data type integer
2023-11-11 10:56:08,577 WARN o.h.t.s.i.ExceptionHandlerLoggedImpl [restartedMain] GenerationTarget encountered exception accepting command : Error executing DDL "alter table if exists "hand" alter column "max_players" set data type integer" via JDBC [ОШИБКА: столбец "max_players" нельзя автоматически привести к типу integer
  Подсказка: Возможно, необходимо указать "USING max_players::integer".]
org.hibernate.tool.schema.spi.CommandAcceptanceException: Error executing DDL "alter table if exists "hand" alter column "max_players" set data type integer" via JDBC [ОШИБКА: столбец "max_players" нельзя автоматически привести к типу integer
  Подсказка: Возможно, необходимо указать "USING max_players::integer".]
	at org.hibernate.tool.schema.internal.exec.GenerationTargetToDatabase.accept(GenerationTargetToDatabase.java:92)
	at org.hibernate.tool.schema.internal.AbstractSchemaMigrator.applySqlString(AbstractSchemaMigrator.java:574)
	at org.hibernate.tool.schema.internal.AbstractSchemaMigrator.applySqlStrings(AbstractSchemaMigrator.java:514)
	at org.hibernate.tool.schema.internal.AbstractSchemaMigrator.migrateTable(AbstractSchemaMigrator.java:333)
	at org.hibernate.tool.schema.internal.GroupedSchemaMigratorImpl.performTablesMigration(GroupedSchemaMigratorImpl.java:84)
	at org.hibernate.tool.schema.internal.AbstractSchemaMigrator.performMigration(AbstractSchemaMigrator.java:232)
	at org.hibernate.tool.schema.internal.AbstractSchemaMigrator.doMigration(AbstractSchemaMigrator.java:117)
	at org.hibernate.tool.schema.spi.SchemaManagementToolCoordinator.performDatabaseAction(SchemaManagementToolCoordinator.java:284)
	at org.hibernate.tool.schema.spi.SchemaManagementToolCoordinator.lambda$process$5(SchemaManagementToolCoordinator.java:143)
	at java.base/java.util.HashMap.forEach(HashMap.java:1429)
	at org.hibernate.tool.schema.spi.SchemaManagementToolCoordinator.process(SchemaManagementToolCoordinator.java:140)
	at org.hibernate.boot.internal.SessionFactoryObserverForSchemaExport.sessionFactoryCreated(SessionFactoryObserverForSchemaExport.java:37)
	at org.hibernate.internal.SessionFactoryObserverChain.sessionFactoryCreated(SessionFactoryObserverChain.java:35)
	at org.hibernate.internal.SessionFactoryImpl.<init>(SessionFactoryImpl.java:293)
	at org.hibernate.boot.internal.SessionFactoryBuilderImpl.build(SessionFactoryBuilderImpl.java:444)
	at org.hibernate.jpa.boot.internal.EntityManagerFactoryBuilderImpl.build(EntityManagerFactoryBuilderImpl.java:1455)
	at org.springframework.orm.jpa.vendor.SpringHibernateJpaPersistenceProvider.createContainerEntityManagerFactory(SpringHibernateJpaPersistenceProvider.java:75)
	at org.springframework.orm.jpa.LocalContainerEntityManagerFactoryBean.createNativeEntityManagerFactory(LocalContainerEntityManagerFactoryBean.java:376)
	at org.springframework.orm.jpa.AbstractEntityManagerFactoryBean.buildNativeEntityManagerFactory(AbstractEntityManagerFactoryBean.java:409)
	at org.springframework.orm.jpa.AbstractEntityManagerFactoryBean.afterPropertiesSet(AbstractEntityManagerFactoryBean.java:396)
	at org.springframework.orm.jpa.LocalContainerEntityManagerFactoryBean.afterPropertiesSet(LocalContainerEntityManagerFactoryBean.java:352)
	at org.springframework.beans.factory.support.AbstractAutowireCapableBeanFactory.invokeInitMethods(AbstractAutowireCapableBeanFactory.java:1817)
	at org.springframework.beans.factory.support.AbstractAutowireCapableBeanFactory.initializeBean(AbstractAutowireCapableBeanFactory.java:1766)
	at org.springframework.beans.factory.support.AbstractAutowireCapableBeanFactory.doCreateBean(AbstractAutowireCapableBeanFactory.java:598)
	at org.springframework.beans.factory.support.AbstractAutowireCapableBeanFactory.createBean(AbstractAutowireCapableBeanFactory.java:520)
	at org.springframework.beans.factory.support.AbstractBeanFactory.lambda$doGetBean$0(AbstractBeanFactory.java:325)
	at org.springframework.beans.factory.support.DefaultSingletonBeanRegistry.getSingleton(DefaultSingletonBeanRegistry.java:234)
	at org.springframework.beans.factory.support.AbstractBeanFactory.doGetBean(AbstractBeanFactory.java:323)
	at org.springframework.beans.factory.support.AbstractBeanFactory.getBean(AbstractBeanFactory.java:199)
	at org.springframework.context.support.AbstractApplicationContext.getBean(AbstractApplicationContext.java:1158)
	at org.springframework.context.support.AbstractApplicationContext.finishBeanFactoryInitialization(AbstractApplicationContext.java:932)
	at org.springframework.context.support.AbstractApplicationContext.refresh(AbstractApplicationContext.java:608)
	at org.springframework.boot.web.servlet.context.ServletWebServerApplicationContext.refresh(ServletWebServerApplicationContext.java:146)
	at org.springframework.boot.SpringApplication.refresh(SpringApplication.java:737)
	at org.springframework.boot.SpringApplication.refreshContext(SpringApplication.java:439)
	at org.springframework.boot.SpringApplication.run(SpringApplication.java:315)
	at org.springframework.boot.SpringApplication.run(SpringApplication.java:1309)
	at org.springframework.boot.SpringApplication.run(SpringApplication.java:1298)
	at com.example.pokerratingservice.PokerRatingServiceApplication.main(PokerRatingServiceApplication.java:32)
	at java.base/jdk.internal.reflect.DirectMethodHandleAccessor.invoke(DirectMethodHandleAccessor.java:104)
	at java.base/java.lang.reflect.Method.invoke(Method.java:578)
	at org.springframework.boot.devtools.restart.RestartLauncher.run(RestartLauncher.java:50)
Caused by: org.postgresql.util.PSQLException: ОШИБКА: столбец "max_players" нельзя автоматически привести к типу integer
  Подсказка: Возможно, необходимо указать "USING max_players::integer".
	at org.postgresql.core.v3.QueryExecutorImpl.receiveErrorResponse(QueryExecutorImpl.java:2713)
	at org.postgresql.core.v3.QueryExecutorImpl.processResults(QueryExecutorImpl.java:2401)
	at org.postgresql.core.v3.QueryExecutorImpl.execute(QueryExecutorImpl.java:368)
	at org.postgresql.jdbc.PgStatement.executeInternal(PgStatement.java:498)
	at org.postgresql.jdbc.PgStatement.execute(PgStatement.java:415)
	at org.postgresql.jdbc.PgStatement.executeWithFlags(PgStatement.java:335)
	at org.postgresql.jdbc.PgStatement.executeCachedSql(PgStatement.java:321)
	at org.postgresql.jdbc.PgStatement.executeWithFlags(PgStatement.java:297)
	at org.postgresql.jdbc.PgStatement.execute(PgStatement.java:292)
	at com.zaxxer.hikari.pool.ProxyStatement.execute(ProxyStatement.java:94)
	at com.zaxxer.hikari.pool.HikariProxyStatement.execute(HikariProxyStatement.java)
	at org.hibernate.tool.schema.internal.exec.GenerationTargetToDatabase.accept(GenerationTargetToDatabase.java:78)
	... 41 common frames omitted
2023-11-11 10:56:08,617 INFO o.s.o.j.LocalContainerEntityManagerFactoryBean [restartedMain] Initialized JPA EntityManagerFactory for persistence unit 'default'
2023-11-11 10:56:08,951 WARN o.s.b.a.o.j.JpaBaseConfiguration$JpaWebConfiguration [restartedMain] spring.jpa.open-in-view is enabled by default. Therefore, database queries may be performed during view rendering. Explicitly configure spring.jpa.open-in-view to disable this warning
2023-11-11 10:56:08,970 WARN o.s.b.a.s.s.UserDetailsServiceAutoConfiguration [restartedMain] 

Using generated security password: 2c68a77e-5193-47ac-b5cc-1a038826b895

This generated password is for development use only. Your security configuration must be updated before running your application in production.

2023-11-11 10:56:09,088 INFO o.s.s.w.DefaultSecurityFilterChain [restartedMain] Will secure any request with [org.springframework.security.web.session.DisableEncodeUrlFilter@3ef18870, org.springframework.security.web.context.request.async.WebAsyncManagerIntegrationFilter@688f1c46, org.springframework.security.web.context.SecurityContextHolderFilter@7503cb7c, org.springframework.security.web.header.HeaderWriterFilter@cd45c8e, org.springframework.security.web.authentication.logout.LogoutFilter@168745b9, org.springframework.security.web.savedrequest.RequestCacheAwareFilter@13f1923a, org.springframework.security.web.servletapi.SecurityContextHolderAwareRequestFilter@23c562d6, org.springframework.security.web.authentication.AnonymousAuthenticationFilter@21bfefd4, org.springframework.security.web.access.ExceptionTranslationFilter@27be3cb0, org.springframework.security.web.access.intercept.AuthorizationFilter@63b6a3d3]
2023-11-11 10:56:09,451 INFO o.s.b.d.a.OptionalLiveReloadServer [restartedMain] LiveReload server is running on port 35729
2023-11-11 10:56:09,466 INFO o.a.c.h.Http11NioProtocol [restartedMain] Starting ProtocolHandler ["http-nio-8080"]
2023-11-11 10:56:09,481 INFO o.s.b.w.e.t.TomcatWebServer [restartedMain] Tomcat started on port(s): 8080 (http) with context path ''
2023-11-11 10:56:09,490 INFO c.e.p.PokerRatingServiceApplication [restartedMain] Started PokerRatingServiceApplication in 4.505 seconds (process running for 7.2)
2023-11-11 10:56:50,384 INFO o.a.c.c.C.[.[.[/] [http-nio-8080-exec-1] Initializing Spring DispatcherServlet 'dispatcherServlet'
2023-11-11 10:56:50,385 INFO o.s.w.s.DispatcherServlet [http-nio-8080-exec-1] Initializing Servlet 'dispatcherServlet'
2023-11-11 10:56:50,386 INFO o.s.w.s.DispatcherServlet [http-nio-8080-exec-1] Completed initialization in 1 ms
2023-11-11 10:56:50,453 INFO c.e.p.u.p.PokerStarsInitHandParserAssistant [http-nio-8080-exec-1] Assisting in: com.example.pokerratingservice.util.parserassistant.PokerStarsInitHandParserAssistant
2023-11-11 10:56:50,456 INFO c.e.p.u.p.PokerStarsInitHandParserAssistant [http-nio-8080-exec-1] Assisting in: com.example.pokerratingservice.util.parserassistant.PokerStarsInitHandParserAssistant
2023-11-11 10:56:50,456 INFO c.e.p.u.p.PokerStarsInitHandParserAssistant [http-nio-8080-exec-1] Assisting in: com.example.pokerratingservice.util.parserassistant.PokerStarsInitHandParserAssistant
2023-11-11 10:56:50,498 DEBUG o.h.SQL [http-nio-8080-exec-1] select p1_0."id",h1_0."player_id",h1_1."id",h1_1."date",h1_1."flop",h1_1."game_type",h1_1."hole_cards",h1_1."max_players",h1_1."river",h1_1."seating",h1_1."stake",h1_1."summary",h1_1."table_name",h1_1."turn" from "player" p1_0 left join ("player_hand" h1_0 join "hand" h1_1 on h1_1."id"=h1_0."hand_id") on p1_0."id"=h1_0."player_id" where p1_0."id"=?
2023-11-11 10:56:50,540 INFO c.e.p.u.p.PokerStarsInitHandParserAssistant [http-nio-8080-exec-1] Assisting in: com.example.pokerratingservice.util.parserassistant.PokerStarsInitHandParserAssistant
2023-11-11 10:56:50,540 DEBUG o.h.SQL [http-nio-8080-exec-1] select p1_0."id",h1_0."player_id",h1_1."id",h1_1."date",h1_1."flop",h1_1."game_type",h1_1."hole_cards",h1_1."max_players",h1_1."river",h1_1."seating",h1_1."stake",h1_1."summary",h1_1."table_name",h1_1."turn" from "player" p1_0 left join ("player_hand" h1_0 join "hand" h1_1 on h1_1."id"=h1_0."hand_id") on p1_0."id"=h1_0."player_id" where p1_0."id"=?
2023-11-11 10:56:50,543 INFO c.e.p.u.p.PokerStarsInitHandParserAssistant [http-nio-8080-exec-1] Assisting in: com.example.pokerratingservice.util.parserassistant.PokerStarsInitHandParserAssistant
2023-11-11 10:56:50,544 DEBUG o.h.SQL [http-nio-8080-exec-1] select p1_0."id",h1_0."player_id",h1_1."id",h1_1."date",h1_1."flop",h1_1."game_type",h1_1."hole_cards",h1_1."max_players",h1_1."river",h1_1."seating",h1_1."stake",h1_1."summary",h1_1."table_name",h1_1."turn" from "player" p1_0 left join ("player_hand" h1_0 join "hand" h1_1 on h1_1."id"=h1_0."hand_id") on p1_0."id"=h1_0."player_id" where p1_0."id"=?
2023-11-11 10:56:50,546 INFO c.e.p.u.p.PokerStarsInitHandParserAssistant [http-nio-8080-exec-1] Assisting in: com.example.pokerratingservice.util.parserassistant.PokerStarsInitHandParserAssistant
2023-11-11 10:56:50,548 DEBUG o.h.SQL [http-nio-8080-exec-1] select p1_0."id",h1_0."player_id",h1_1."id",h1_1."date",h1_1."flop",h1_1."game_type",h1_1."hole_cards",h1_1."max_players",h1_1."river",h1_1."seating",h1_1."stake",h1_1."summary",h1_1."table_name",h1_1."turn" from "player" p1_0 left join ("player_hand" h1_0 join "hand" h1_1 on h1_1."id"=h1_0."hand_id") on p1_0."id"=h1_0."player_id" where p1_0."id"=?
2023-11-11 10:56:50,551 INFO c.e.p.u.p.PokerStarsInitHandParserAssistant [http-nio-8080-exec-1] Assisting in: com.example.pokerratingservice.util.parserassistant.PokerStarsInitHandParserAssistant
2023-11-11 10:56:50,552 DEBUG o.h.SQL [http-nio-8080-exec-1] select p1_0."id",h1_0."player_id",h1_1."id",h1_1."date",h1_1."flop",h1_1."game_type",h1_1."hole_cards",h1_1."max_players",h1_1."river",h1_1."seating",h1_1."stake",h1_1."summary",h1_1."table_name",h1_1."turn" from "player" p1_0 left join ("player_hand" h1_0 join "hand" h1_1 on h1_1."id"=h1_0."hand_id") on p1_0."id"=h1_0."player_id" where p1_0."id"=?
2023-11-11 10:56:50,555 INFO c.e.p.u.p.PokerStarsInitHandParserAssistant [http-nio-8080-exec-1] Assisting in: com.example.pokerratingservice.util.parserassistant.PokerStarsInitHandParserAssistant
2023-11-11 10:56:50,555 INFO c.e.p.u.p.PokerStarsInitHandParserAssistant [http-nio-8080-exec-1] Assisting in: com.example.pokerratingservice.util.parserassistant.PokerStarsInitHandParserAssistant
2023-11-11 10:56:50,555 INFO c.e.p.u.p.PokerStarsInitHandParserAssistant [http-nio-8080-exec-1] Assisting in: com.example.pokerratingservice.util.parserassistant.PokerStarsInitHandParserAssistant
2023-11-11 10:56:50,573 ERROR o.a.c.c.C.[.[.[.[dispatcherServlet] [http-nio-8080-exec-1] Servlet.service() for servlet [dispatcherServlet] in context with path [] threw exception [Request processing failed: java.lang.NullPointerException: Cannot invoke "java.util.List.add(Object)" because the return value of "com.example.pokerratingservice.model.Player.getHandList()" is null] with root cause
java.lang.NullPointerException: Cannot invoke "java.util.List.add(Object)" because the return value of "com.example.pokerratingservice.model.Player.getHandList()" is null
	at com.example.pokerratingservice.util.parserassistant.PokerStarsSummaryHandParserAssistant.assign(PokerStarsSummaryHandParserAssistant.java:79)
	at com.example.pokerratingservice.util.parserassistant.PokerStarsSummaryHandParserAssistant.assist(PokerStarsSummaryHandParserAssistant.java:50)
	at com.example.pokerratingservice.util.handparser.PokerStarsHandParser.parse(PokerStarsHandParser.java:293)
	at com.example.pokerratingservice.service.UploadService.process(UploadService.java:42)
	at com.example.pokerratingservice.controller.UploadController.uploadManyHands(UploadController.java:26)
	at java.base/jdk.internal.reflect.DirectMethodHandleAccessor.invoke(DirectMethodHandleAccessor.java:104)
	at java.base/java.lang.reflect.Method.invoke(Method.java:578)
	at org.springframework.web.method.support.InvocableHandlerMethod.doInvoke(InvocableHandlerMethod.java:205)
	at org.springframework.web.method.support.InvocableHandlerMethod.invokeForRequest(InvocableHandlerMethod.java:150)
	at org.springframework.web.servlet.mvc.method.annotation.ServletInvocableHandlerMethod.invokeAndHandle(ServletInvocableHandlerMethod.java:118)
	at org.springframework.web.servlet.mvc.method.annotation.RequestMappingHandlerAdapter.invokeHandlerMethod(RequestMappingHandlerAdapter.java:884)
	at org.springframework.web.servlet.mvc.method.annotation.RequestMappingHandlerAdapter.handleInternal(RequestMappingHandlerAdapter.java:797)
	at org.springframework.web.servlet.mvc.method.AbstractHandlerMethodAdapter.handle(AbstractHandlerMethodAdapter.java:87)
	at org.springframework.web.servlet.DispatcherServlet.doDispatch(DispatcherServlet.java:1081)
	at org.springframework.web.servlet.DispatcherServlet.doService(DispatcherServlet.java:974)
	at org.springframework.web.servlet.FrameworkServlet.processRequest(FrameworkServlet.java:1011)
	at org.springframework.web.servlet.FrameworkServlet.doPost(FrameworkServlet.java:914)
	at jakarta.servlet.http.HttpServlet.service(HttpServlet.java:590)
	at org.springframework.web.servlet.FrameworkServlet.service(FrameworkServlet.java:885)
	at jakarta.servlet.http.HttpServlet.service(HttpServlet.java:658)
	at org.apache.catalina.core.ApplicationFilterChain.internalDoFilter(ApplicationFilterChain.java:205)
	at org.apache.catalina.core.ApplicationFilterChain.doFilter(ApplicationFilterChain.java:149)
	at org.apache.tomcat.websocket.server.WsFilter.doFilter(WsFilter.java:51)
	at org.apache.catalina.core.ApplicationFilterChain.internalDoFilter(ApplicationFilterChain.java:174)
	at org.apache.catalina.core.ApplicationFilterChain.doFilter(ApplicationFilterChain.java:149)
	at org.springframework.security.web.FilterChainProxy.lambda$doFilterInternal$3(FilterChainProxy.java:231)
	at org.springframework.security.web.FilterChainProxy$VirtualFilterChain.doFilter(FilterChainProxy.java:365)
	at org.springframework.security.web.access.intercept.AuthorizationFilter.doFilter(AuthorizationFilter.java:100)
	at org.springframework.security.web.FilterChainProxy$VirtualFilterChain.doFilter(FilterChainProxy.java:374)
	at org.springframework.security.web.access.ExceptionTranslationFilter.doFilter(ExceptionTranslationFilter.java:126)
	at org.springframework.security.web.access.ExceptionTranslationFilter.doFilter(ExceptionTranslationFilter.java:120)
	at org.springframework.security.web.FilterChainProxy$VirtualFilterChain.doFilter(FilterChainProxy.java:374)
	at org.springframework.security.web.authentication.AnonymousAuthenticationFilter.doFilter(AnonymousAuthenticationFilter.java:100)
	at org.springframework.security.web.FilterChainProxy$VirtualFilterChain.doFilter(FilterChainProxy.java:374)
	at org.springframework.security.web.servletapi.SecurityContextHolderAwareRequestFilter.doFilter(SecurityContextHolderAwareRequestFilter.java:179)
	at org.springframework.security.web.FilterChainProxy$VirtualFilterChain.doFilter(FilterChainProxy.java:374)
	at org.springframework.security.web.savedrequest.RequestCacheAwareFilter.doFilter(RequestCacheAwareFilter.java:63)
	at org.springframework.security.web.FilterChainProxy$VirtualFilterChain.doFilter(FilterChainProxy.java:374)
	at org.springframework.security.web.authentication.logout.LogoutFilter.doFilter(LogoutFilter.java:107)
	at org.springframework.security.web.authentication.logout.LogoutFilter.doFilter(LogoutFilter.java:93)
	at org.springframework.security.web.FilterChainProxy$VirtualFilterChain.doFilter(FilterChainProxy.java:374)
	at org.springframework.security.web.header.HeaderWriterFilter.doHeadersAfter(HeaderWriterFilter.java:90)
	at org.springframework.security.web.header.HeaderWriterFilter.doFilterInternal(HeaderWriterFilter.java:75)
	at org.springframework.web.filter.OncePerRequestFilter.doFilter(OncePerRequestFilter.java:116)
	at org.springframework.security.web.FilterChainProxy$VirtualFilterChain.doFilter(FilterChainProxy.java:374)
	at org.springframework.security.web.context.SecurityContextHolderFilter.doFilter(SecurityContextHolderFilter.java:82)
	at org.springframework.security.web.context.SecurityContextHolderFilter.doFilter(SecurityContextHolderFilter.java:69)
	at org.springframework.security.web.FilterChainProxy$VirtualFilterChain.doFilter(FilterChainProxy.java:374)
	at org.springframework.security.web.context.request.async.WebAsyncManagerIntegrationFilter.doFilterInternal(WebAsyncManagerIntegrationFilter.java:62)
	at org.springframework.web.filter.OncePerRequestFilter.doFilter(OncePerRequestFilter.java:116)
	at org.springframework.security.web.FilterChainProxy$VirtualFilterChain.doFilter(FilterChainProxy.java:374)
	at org.springframework.security.web.session.DisableEncodeUrlFilter.doFilterInternal(DisableEncodeUrlFilter.java:42)
	at org.springframework.web.filter.OncePerRequestFilter.doFilter(OncePerRequestFilter.java:116)
	at org.springframework.security.web.FilterChainProxy$VirtualFilterChain.doFilter(FilterChainProxy.java:374)
	at org.springframework.security.web.FilterChainProxy.doFilterInternal(FilterChainProxy.java:233)
	at org.springframework.security.web.FilterChainProxy.doFilter(FilterChainProxy.java:191)
	at org.springframework.web.filter.DelegatingFilterProxy.invokeDelegate(DelegatingFilterProxy.java:352)
	at org.springframework.web.filter.DelegatingFilterProxy.doFilter(DelegatingFilterProxy.java:268)
	at org.apache.catalina.core.ApplicationFilterChain.internalDoFilter(ApplicationFilterChain.java:174)
	at org.apache.catalina.core.ApplicationFilterChain.doFilter(ApplicationFilterChain.java:149)
	at org.springframework.web.filter.RequestContextFilter.doFilterInternal(RequestContextFilter.java:100)
	at org.springframework.web.filter.OncePerRequestFilter.doFilter(OncePerRequestFilter.java:116)
	at org.apache.catalina.core.ApplicationFilterChain.internalDoFilter(ApplicationFilterChain.java:174)
	at org.apache.catalina.core.ApplicationFilterChain.doFilter(ApplicationFilterChain.java:149)
	at org.springframework.web.filter.FormContentFilter.doFilterInternal(FormContentFilter.java:93)
	at org.springframework.web.filter.OncePerRequestFilter.doFilter(OncePerRequestFilter.java:116)
	at org.apache.catalina.core.ApplicationFilterChain.internalDoFilter(ApplicationFilterChain.java:174)
	at org.apache.catalina.core.ApplicationFilterChain.doFilter(ApplicationFilterChain.java:149)
	at org.springframework.web.filter.HiddenHttpMethodFilter.doFilterInternal(HiddenHttpMethodFilter.java:91)
	at org.springframework.web.filter.OncePerRequestFilter.doFilter(OncePerRequestFilter.java:116)
	at org.apache.catalina.core.ApplicationFilterChain.internalDoFilter(ApplicationFilterChain.java:174)
	at org.apache.catalina.core.ApplicationFilterChain.doFilter(ApplicationFilterChain.java:149)
	at org.springframework.web.filter.CharacterEncodingFilter.doFilterInternal(CharacterEncodingFilter.java:201)
	at org.springframework.web.filter.OncePerRequestFilter.doFilter(OncePerRequestFilter.java:116)
	at org.apache.catalina.core.ApplicationFilterChain.internalDoFilter(ApplicationFilterChain.java:174)
	at org.apache.catalina.core.ApplicationFilterChain.doFilter(ApplicationFilterChain.java:149)
	at org.apache.catalina.core.StandardWrapperValve.invoke(StandardWrapperValve.java:167)
	at org.apache.catalina.core.StandardContextValve.invoke(StandardContextValve.java:90)
	at org.apache.catalina.authenticator.AuthenticatorBase.invoke(AuthenticatorBase.java:482)
	at org.apache.catalina.core.StandardHostValve.invoke(StandardHostValve.java:115)
	at org.apache.catalina.valves.ErrorReportValve.invoke(ErrorReportValve.java:93)
	at org.apache.catalina.core.StandardEngineValve.invoke(StandardEngineValve.java:74)
	at org.apache.catalina.connector.CoyoteAdapter.service(CoyoteAdapter.java:341)
	at org.apache.coyote.http11.Http11Processor.service(Http11Processor.java:391)
	at org.apache.coyote.AbstractProcessorLight.process(AbstractProcessorLight.java:63)
	at org.apache.coyote.AbstractProtocol$ConnectionHandler.process(AbstractProtocol.java:894)
	at org.apache.tomcat.util.net.NioEndpoint$SocketProcessor.doRun(NioEndpoint.java:1740)
	at org.apache.tomcat.util.net.SocketProcessorBase.run(SocketProcessorBase.java:52)
	at org.apache.tomcat.util.threads.ThreadPoolExecutor.runWorker(ThreadPoolExecutor.java:1191)
	at org.apache.tomcat.util.threads.ThreadPoolExecutor$Worker.run(ThreadPoolExecutor.java:659)
	at org.apache.tomcat.util.threads.TaskThread$WrappingRunnable.run(TaskThread.java:61)
	at java.base/java.lang.Thread.run(Thread.java:1589)
2023-11-11 10:58:39,718 INFO o.s.o.j.LocalContainerEntityManagerFactoryBean [SpringApplicationShutdownHook] Closing JPA EntityManagerFactory for persistence unit 'default'
2023-11-11 10:58:39,721 INFO c.z.h.HikariDataSource [SpringApplicationShutdownHook] HikariPool-1 - Shutdown initiated...
2023-11-11 10:58:39,724 INFO c.z.h.HikariDataSource [SpringApplicationShutdownHook] HikariPool-1 - Shutdown completed.
2023-11-11 10:58:45,243 INFO c.e.p.PokerRatingServiceApplication [restartedMain] Starting PokerRatingServiceApplication using Java 19.0.2 with PID 9008 (C:\java\projects\PokerRatingService\target\classes started by r in C:\java\projects\PokerRatingService)
2023-11-11 10:58:45,245 INFO c.e.p.PokerRatingServiceApplication [restartedMain] No active profile set, falling back to 1 default profile: "default"
2023-11-11 10:58:45,290 INFO o.s.b.d.e.DevToolsPropertyDefaultsPostProcessor [restartedMain] Devtools property defaults active! Set 'spring.devtools.add-properties' to 'false' to disable
2023-11-11 10:58:45,290 INFO o.s.b.d.e.DevToolsPropertyDefaultsPostProcessor [restartedMain] For additional web related logging consider setting the 'logging.level.web' property to 'DEBUG'
2023-11-11 10:58:45,817 INFO o.s.d.r.c.RepositoryConfigurationDelegate [restartedMain] Bootstrapping Spring Data JPA repositories in DEFAULT mode.
2023-11-11 10:58:45,862 INFO o.s.d.r.c.RepositoryConfigurationDelegate [restartedMain] Finished Spring Data repository scanning in 39 ms. Found 2 JPA repository interfaces.
2023-11-11 10:58:46,330 INFO o.s.b.w.e.t.TomcatWebServer [restartedMain] Tomcat initialized with port(s): 8080 (http)
2023-11-11 10:58:46,337 INFO o.a.c.h.Http11NioProtocol [restartedMain] Initializing ProtocolHandler ["http-nio-8080"]
2023-11-11 10:58:46,338 INFO o.a.c.c.StandardService [restartedMain] Starting service [Tomcat]
2023-11-11 10:58:46,339 INFO o.a.c.c.StandardEngine [restartedMain] Starting Servlet engine: [Apache Tomcat/10.1.13]
2023-11-11 10:58:46,386 INFO o.a.c.c.C.[.[.[/] [restartedMain] Initializing Spring embedded WebApplicationContext
2023-11-11 10:58:46,387 INFO o.s.b.w.s.c.ServletWebServerApplicationContext [restartedMain] Root WebApplicationContext: initialization completed in 1095 ms
2023-11-11 10:58:46,516 INFO o.h.j.i.u.LogHelper [restartedMain] HHH000204: Processing PersistenceUnitInfo [name: default]
2023-11-11 10:58:46,558 INFO o.h.Version [restartedMain] HHH000412: Hibernate ORM core version 6.2.9.Final
2023-11-11 10:58:46,560 INFO o.h.c.Environment [restartedMain] HHH000406: Using bytecode reflection optimizer
2023-11-11 10:58:46,656 INFO o.h.b.i.BytecodeProviderInitiator [restartedMain] HHH000021: Bytecode provider name : bytebuddy
2023-11-11 10:58:46,759 INFO o.s.o.j.p.SpringPersistenceUnitInfo [restartedMain] No LoadTimeWeaver setup: ignoring JPA class transformer
2023-11-11 10:58:46,773 INFO c.z.h.HikariDataSource [restartedMain] HikariPool-1 - Starting...
2023-11-11 10:58:46,906 INFO c.z.h.p.HikariPool [restartedMain] HikariPool-1 - Added connection org.postgresql.jdbc.PgConnection@58294108
2023-11-11 10:58:46,907 INFO c.z.h.HikariDataSource [restartedMain] HikariPool-1 - Start completed.
2023-11-11 10:58:47,109 INFO o.h.b.i.BytecodeProviderInitiator [restartedMain] HHH000021: Bytecode provider name : bytebuddy
2023-11-11 10:58:47,621 INFO o.h.e.t.j.p.i.JtaPlatformInitiator [restartedMain] HHH000490: Using JtaPlatform implementation: [org.hibernate.engine.transaction.jta.platform.internal.NoJtaPlatform]
2023-11-11 10:58:47,666 DEBUG o.h.SQL [restartedMain] alter table if exists "hand" alter column "max_players" set data type integer
2023-11-11 10:58:47,671 WARN o.h.t.s.i.ExceptionHandlerLoggedImpl [restartedMain] GenerationTarget encountered exception accepting command : Error executing DDL "alter table if exists "hand" alter column "max_players" set data type integer" via JDBC [ОШИБКА: столбец "max_players" нельзя автоматически привести к типу integer
  Подсказка: Возможно, необходимо указать "USING max_players::integer".]
org.hibernate.tool.schema.spi.CommandAcceptanceException: Error executing DDL "alter table if exists "hand" alter column "max_players" set data type integer" via JDBC [ОШИБКА: столбец "max_players" нельзя автоматически привести к типу integer
  Подсказка: Возможно, необходимо указать "USING max_players::integer".]
	at org.hibernate.tool.schema.internal.exec.GenerationTargetToDatabase.accept(GenerationTargetToDatabase.java:92)
	at org.hibernate.tool.schema.internal.AbstractSchemaMigrator.applySqlString(AbstractSchemaMigrator.java:574)
	at org.hibernate.tool.schema.internal.AbstractSchemaMigrator.applySqlStrings(AbstractSchemaMigrator.java:514)
	at org.hibernate.tool.schema.internal.AbstractSchemaMigrator.migrateTable(AbstractSchemaMigrator.java:333)
	at org.hibernate.tool.schema.internal.GroupedSchemaMigratorImpl.performTablesMigration(GroupedSchemaMigratorImpl.java:84)
	at org.hibernate.tool.schema.internal.AbstractSchemaMigrator.performMigration(AbstractSchemaMigrator.java:232)
	at org.hibernate.tool.schema.internal.AbstractSchemaMigrator.doMigration(AbstractSchemaMigrator.java:117)
	at org.hibernate.tool.schema.spi.SchemaManagementToolCoordinator.performDatabaseAction(SchemaManagementToolCoordinator.java:284)
	at org.hibernate.tool.schema.spi.SchemaManagementToolCoordinator.lambda$process$5(SchemaManagementToolCoordinator.java:143)
	at java.base/java.util.HashMap.forEach(HashMap.java:1429)
	at org.hibernate.tool.schema.spi.SchemaManagementToolCoordinator.process(SchemaManagementToolCoordinator.java:140)
	at org.hibernate.boot.internal.SessionFactoryObserverForSchemaExport.sessionFactoryCreated(SessionFactoryObserverForSchemaExport.java:37)
	at org.hibernate.internal.SessionFactoryObserverChain.sessionFactoryCreated(SessionFactoryObserverChain.java:35)
	at org.hibernate.internal.SessionFactoryImpl.<init>(SessionFactoryImpl.java:293)
	at org.hibernate.boot.internal.SessionFactoryBuilderImpl.build(SessionFactoryBuilderImpl.java:444)
	at org.hibernate.jpa.boot.internal.EntityManagerFactoryBuilderImpl.build(EntityManagerFactoryBuilderImpl.java:1455)
	at org.springframework.orm.jpa.vendor.SpringHibernateJpaPersistenceProvider.createContainerEntityManagerFactory(SpringHibernateJpaPersistenceProvider.java:75)
	at org.springframework.orm.jpa.LocalContainerEntityManagerFactoryBean.createNativeEntityManagerFactory(LocalContainerEntityManagerFactoryBean.java:376)
	at org.springframework.orm.jpa.AbstractEntityManagerFactoryBean.buildNativeEntityManagerFactory(AbstractEntityManagerFactoryBean.java:409)
	at org.springframework.orm.jpa.AbstractEntityManagerFactoryBean.afterPropertiesSet(AbstractEntityManagerFactoryBean.java:396)
	at org.springframework.orm.jpa.LocalContainerEntityManagerFactoryBean.afterPropertiesSet(LocalContainerEntityManagerFactoryBean.java:352)
	at org.springframework.beans.factory.support.AbstractAutowireCapableBeanFactory.invokeInitMethods(AbstractAutowireCapableBeanFactory.java:1817)
	at org.springframework.beans.factory.support.AbstractAutowireCapableBeanFactory.initializeBean(AbstractAutowireCapableBeanFactory.java:1766)
	at org.springframework.beans.factory.support.AbstractAutowireCapableBeanFactory.doCreateBean(AbstractAutowireCapableBeanFactory.java:598)
	at org.springframework.beans.factory.support.AbstractAutowireCapableBeanFactory.createBean(AbstractAutowireCapableBeanFactory.java:520)
	at org.springframework.beans.factory.support.AbstractBeanFactory.lambda$doGetBean$0(AbstractBeanFactory.java:325)
	at org.springframework.beans.factory.support.DefaultSingletonBeanRegistry.getSingleton(DefaultSingletonBeanRegistry.java:234)
	at org.springframework.beans.factory.support.AbstractBeanFactory.doGetBean(AbstractBeanFactory.java:323)
	at org.springframework.beans.factory.support.AbstractBeanFactory.getBean(AbstractBeanFactory.java:199)
	at org.springframework.context.support.AbstractApplicationContext.getBean(AbstractApplicationContext.java:1158)
	at org.springframework.context.support.AbstractApplicationContext.finishBeanFactoryInitialization(AbstractApplicationContext.java:932)
	at org.springframework.context.support.AbstractApplicationContext.refresh(AbstractApplicationContext.java:608)
	at org.springframework.boot.web.servlet.context.ServletWebServerApplicationContext.refresh(ServletWebServerApplicationContext.java:146)
	at org.springframework.boot.SpringApplication.refresh(SpringApplication.java:737)
	at org.springframework.boot.SpringApplication.refreshContext(SpringApplication.java:439)
	at org.springframework.boot.SpringApplication.run(SpringApplication.java:315)
	at org.springframework.boot.SpringApplication.run(SpringApplication.java:1309)
	at org.springframework.boot.SpringApplication.run(SpringApplication.java:1298)
	at com.example.pokerratingservice.PokerRatingServiceApplication.main(PokerRatingServiceApplication.java:32)
	at java.base/jdk.internal.reflect.DirectMethodHandleAccessor.invoke(DirectMethodHandleAccessor.java:104)
	at java.base/java.lang.reflect.Method.invoke(Method.java:578)
	at org.springframework.boot.devtools.restart.RestartLauncher.run(RestartLauncher.java:50)
Caused by: org.postgresql.util.PSQLException: ОШИБКА: столбец "max_players" нельзя автоматически привести к типу integer
  Подсказка: Возможно, необходимо указать "USING max_players::integer".
	at org.postgresql.core.v3.QueryExecutorImpl.receiveErrorResponse(QueryExecutorImpl.java:2713)
	at org.postgresql.core.v3.QueryExecutorImpl.processResults(QueryExecutorImpl.java:2401)
	at org.postgresql.core.v3.QueryExecutorImpl.execute(QueryExecutorImpl.java:368)
	at org.postgresql.jdbc.PgStatement.executeInternal(PgStatement.java:498)
	at org.postgresql.jdbc.PgStatement.execute(PgStatement.java:415)
	at org.postgresql.jdbc.PgStatement.executeWithFlags(PgStatement.java:335)
	at org.postgresql.jdbc.PgStatement.executeCachedSql(PgStatement.java:321)
	at org.postgresql.jdbc.PgStatement.executeWithFlags(PgStatement.java:297)
	at org.postgresql.jdbc.PgStatement.execute(PgStatement.java:292)
	at com.zaxxer.hikari.pool.ProxyStatement.execute(ProxyStatement.java:94)
	at com.zaxxer.hikari.pool.HikariProxyStatement.execute(HikariProxyStatement.java)
	at org.hibernate.tool.schema.internal.exec.GenerationTargetToDatabase.accept(GenerationTargetToDatabase.java:78)
	... 41 common frames omitted
2023-11-11 10:58:47,705 INFO o.s.o.j.LocalContainerEntityManagerFactoryBean [restartedMain] Initialized JPA EntityManagerFactory for persistence unit 'default'
2023-11-11 10:58:48,036 WARN o.s.b.a.o.j.JpaBaseConfiguration$JpaWebConfiguration [restartedMain] spring.jpa.open-in-view is enabled by default. Therefore, database queries may be performed during view rendering. Explicitly configure spring.jpa.open-in-view to disable this warning
2023-11-11 10:58:48,051 WARN o.s.b.a.s.s.UserDetailsServiceAutoConfiguration [restartedMain] 

Using generated security password: 00efb2ef-45ce-4666-af62-26d8460aa0b6

This generated password is for development use only. Your security configuration must be updated before running your application in production.

2023-11-11 10:58:48,124 INFO o.s.s.w.DefaultSecurityFilterChain [restartedMain] Will secure any request with [org.springframework.security.web.session.DisableEncodeUrlFilter@4fa85865, org.springframework.security.web.context.request.async.WebAsyncManagerIntegrationFilter@2e64c461, org.springframework.security.web.context.SecurityContextHolderFilter@19d79284, org.springframework.security.web.header.HeaderWriterFilter@5f135a27, org.springframework.security.web.authentication.logout.LogoutFilter@4c91d115, org.springframework.security.web.savedrequest.RequestCacheAwareFilter@75457174, org.springframework.security.web.servletapi.SecurityContextHolderAwareRequestFilter@73f426fa, org.springframework.security.web.authentication.AnonymousAuthenticationFilter@527678bc, org.springframework.security.web.access.ExceptionTranslationFilter@1ceabd75, org.springframework.security.web.access.intercept.AuthorizationFilter@1eaff049]
2023-11-11 10:58:48,434 INFO o.s.b.d.a.OptionalLiveReloadServer [restartedMain] LiveReload server is running on port 35729
2023-11-11 10:58:48,448 INFO o.a.c.h.Http11NioProtocol [restartedMain] Starting ProtocolHandler ["http-nio-8080"]
2023-11-11 10:58:48,462 INFO o.s.b.w.e.t.TomcatWebServer [restartedMain] Tomcat started on port(s): 8080 (http) with context path ''
2023-11-11 10:58:48,470 INFO c.e.p.PokerRatingServiceApplication [restartedMain] Started PokerRatingServiceApplication in 3.547 seconds (process running for 4.453)
2023-11-11 10:59:07,627 INFO o.a.c.c.C.[.[.[/] [http-nio-8080-exec-1] Initializing Spring DispatcherServlet 'dispatcherServlet'
2023-11-11 10:59:07,628 INFO o.s.w.s.DispatcherServlet [http-nio-8080-exec-1] Initializing Servlet 'dispatcherServlet'
2023-11-11 10:59:07,629 INFO o.s.w.s.DispatcherServlet [http-nio-8080-exec-1] Completed initialization in 1 ms
2023-11-11 10:59:07,678 INFO c.e.p.u.p.PokerStarsInitHandParserAssistant [http-nio-8080-exec-1] Assisting in: com.example.pokerratingservice.util.parserassistant.PokerStarsInitHandParserAssistant
2023-11-11 10:59:07,680 INFO c.e.p.u.p.PokerStarsInitHandParserAssistant [http-nio-8080-exec-1] Assisting in: com.example.pokerratingservice.util.parserassistant.PokerStarsInitHandParserAssistant
2023-11-11 10:59:07,680 INFO c.e.p.u.p.PokerStarsInitHandParserAssistant [http-nio-8080-exec-1] Assisting in: com.example.pokerratingservice.util.parserassistant.PokerStarsInitHandParserAssistant
2023-11-11 10:59:07,717 DEBUG o.h.SQL [http-nio-8080-exec-1] select p1_0."id",h1_0."player_id",h1_1."id",h1_1."date",h1_1."flop",h1_1."game_type",h1_1."hole_cards",h1_1."max_players",h1_1."river",h1_1."seating",h1_1."stake",h1_1."summary",h1_1."table_name",h1_1."turn" from "player" p1_0 left join ("player_hand" h1_0 join "hand" h1_1 on h1_1."id"=h1_0."hand_id") on p1_0."id"=h1_0."player_id" where p1_0."id"=?
2023-11-11 10:59:07,759 INFO c.e.p.u.p.PokerStarsInitHandParserAssistant [http-nio-8080-exec-1] Assisting in: com.example.pokerratingservice.util.parserassistant.PokerStarsInitHandParserAssistant
2023-11-11 10:59:07,759 DEBUG o.h.SQL [http-nio-8080-exec-1] select p1_0."id",h1_0."player_id",h1_1."id",h1_1."date",h1_1."flop",h1_1."game_type",h1_1."hole_cards",h1_1."max_players",h1_1."river",h1_1."seating",h1_1."stake",h1_1."summary",h1_1."table_name",h1_1."turn" from "player" p1_0 left join ("player_hand" h1_0 join "hand" h1_1 on h1_1."id"=h1_0."hand_id") on p1_0."id"=h1_0."player_id" where p1_0."id"=?
2023-11-11 10:59:07,762 INFO c.e.p.u.p.PokerStarsInitHandParserAssistant [http-nio-8080-exec-1] Assisting in: com.example.pokerratingservice.util.parserassistant.PokerStarsInitHandParserAssistant
2023-11-11 10:59:07,763 DEBUG o.h.SQL [http-nio-8080-exec-1] select p1_0."id",h1_0."player_id",h1_1."id",h1_1."date",h1_1."flop",h1_1."game_type",h1_1."hole_cards",h1_1."max_players",h1_1."river",h1_1."seating",h1_1."stake",h1_1."summary",h1_1."table_name",h1_1."turn" from "player" p1_0 left join ("player_hand" h1_0 join "hand" h1_1 on h1_1."id"=h1_0."hand_id") on p1_0."id"=h1_0."player_id" where p1_0."id"=?
2023-11-11 10:59:07,765 INFO c.e.p.u.p.PokerStarsInitHandParserAssistant [http-nio-8080-exec-1] Assisting in: com.example.pokerratingservice.util.parserassistant.PokerStarsInitHandParserAssistant
2023-11-11 10:59:07,766 DEBUG o.h.SQL [http-nio-8080-exec-1] select p1_0."id",h1_0."player_id",h1_1."id",h1_1."date",h1_1."flop",h1_1."game_type",h1_1."hole_cards",h1_1."max_players",h1_1."river",h1_1."seating",h1_1."stake",h1_1."summary",h1_1."table_name",h1_1."turn" from "player" p1_0 left join ("player_hand" h1_0 join "hand" h1_1 on h1_1."id"=h1_0."hand_id") on p1_0."id"=h1_0."player_id" where p1_0."id"=?
2023-11-11 10:59:07,768 INFO c.e.p.u.p.PokerStarsInitHandParserAssistant [http-nio-8080-exec-1] Assisting in: com.example.pokerratingservice.util.parserassistant.PokerStarsInitHandParserAssistant
2023-11-11 10:59:07,768 DEBUG o.h.SQL [http-nio-8080-exec-1] select p1_0."id",h1_0."player_id",h1_1."id",h1_1."date",h1_1."flop",h1_1."game_type",h1_1."hole_cards",h1_1."max_players",h1_1."river",h1_1."seating",h1_1."stake",h1_1."summary",h1_1."table_name",h1_1."turn" from "player" p1_0 left join ("player_hand" h1_0 join "hand" h1_1 on h1_1."id"=h1_0."hand_id") on p1_0."id"=h1_0."player_id" where p1_0."id"=?
2023-11-11 10:59:07,770 INFO c.e.p.u.p.PokerStarsInitHandParserAssistant [http-nio-8080-exec-1] Assisting in: com.example.pokerratingservice.util.parserassistant.PokerStarsInitHandParserAssistant
2023-11-11 10:59:07,770 INFO c.e.p.u.p.PokerStarsInitHandParserAssistant [http-nio-8080-exec-1] Assisting in: com.example.pokerratingservice.util.parserassistant.PokerStarsInitHandParserAssistant
2023-11-11 10:59:07,770 INFO c.e.p.u.p.PokerStarsInitHandParserAssistant [http-nio-8080-exec-1] Assisting in: com.example.pokerratingservice.util.parserassistant.PokerStarsInitHandParserAssistant
2023-11-11 10:59:07,786 INFO c.e.p.u.p.PokerStarsInitHandParserAssistant [http-nio-8080-exec-1] Assisting in: com.example.pokerratingservice.util.parserassistant.PokerStarsInitHandParserAssistant
2023-11-11 10:59:07,787 INFO c.e.p.u.p.PokerStarsInitHandParserAssistant [http-nio-8080-exec-1] Assisting in: com.example.pokerratingservice.util.parserassistant.PokerStarsInitHandParserAssistant
2023-11-11 10:59:07,787 INFO c.e.p.u.p.PokerStarsInitHandParserAssistant [http-nio-8080-exec-1] Assisting in: com.example.pokerratingservice.util.parserassistant.PokerStarsInitHandParserAssistant
2023-11-11 10:59:07,788 INFO c.e.p.u.p.PokerStarsInitHandParserAssistant [http-nio-8080-exec-1] Assisting in: com.example.pokerratingservice.util.parserassistant.PokerStarsInitHandParserAssistant
2023-11-11 10:59:07,789 INFO c.e.p.u.p.PokerStarsInitHandParserAssistant [http-nio-8080-exec-1] Assisting in: com.example.pokerratingservice.util.parserassistant.PokerStarsInitHandParserAssistant
2023-11-11 10:59:07,789 INFO c.e.p.u.p.PokerStarsInitHandParserAssistant [http-nio-8080-exec-1] Assisting in: com.example.pokerratingservice.util.parserassistant.PokerStarsInitHandParserAssistant
2023-11-11 10:59:07,790 INFO c.e.p.u.p.PokerStarsInitHandParserAssistant [http-nio-8080-exec-1] Assisting in: com.example.pokerratingservice.util.parserassistant.PokerStarsInitHandParserAssistant
2023-11-11 10:59:07,790 INFO c.e.p.u.p.PokerStarsInitHandParserAssistant [http-nio-8080-exec-1] Assisting in: com.example.pokerratingservice.util.parserassistant.PokerStarsInitHandParserAssistant
2023-11-11 10:59:07,790 INFO c.e.p.u.p.PokerStarsInitHandParserAssistant [http-nio-8080-exec-1] Assisting in: com.example.pokerratingservice.util.parserassistant.PokerStarsInitHandParserAssistant
2023-11-11 10:59:07,792 INFO c.e.p.u.p.PokerStarsInitHandParserAssistant [http-nio-8080-exec-1] Assisting in: com.example.pokerratingservice.util.parserassistant.PokerStarsInitHandParserAssistant
2023-11-11 10:59:07,792 INFO c.e.p.u.p.PokerStarsInitHandParserAssistant [http-nio-8080-exec-1] Assisting in: com.example.pokerratingservice.util.parserassistant.PokerStarsInitHandParserAssistant
2023-11-11 10:59:07,792 INFO c.e.p.u.p.PokerStarsInitHandParserAssistant [http-nio-8080-exec-1] Assisting in: com.example.pokerratingservice.util.parserassistant.PokerStarsInitHandParserAssistant
2023-11-11 10:59:07,793 INFO c.e.p.u.p.PokerStarsInitHandParserAssistant [http-nio-8080-exec-1] Assisting in: com.example.pokerratingservice.util.parserassistant.PokerStarsInitHandParserAssistant
2023-11-11 10:59:07,794 INFO c.e.p.u.p.PokerStarsInitHandParserAssistant [http-nio-8080-exec-1] Assisting in: com.example.pokerratingservice.util.parserassistant.PokerStarsInitHandParserAssistant
2023-11-11 10:59:07,794 INFO c.e.p.u.p.PokerStarsInitHandParserAssistant [http-nio-8080-exec-1] Assisting in: com.example.pokerratingservice.util.parserassistant.PokerStarsInitHandParserAssistant
2023-11-11 10:59:07,795 INFO c.e.p.u.p.PokerStarsInitHandParserAssistant [http-nio-8080-exec-1] Assisting in: com.example.pokerratingservice.util.parserassistant.PokerStarsInitHandParserAssistant
2023-11-11 10:59:07,795 INFO c.e.p.u.p.PokerStarsInitHandParserAssistant [http-nio-8080-exec-1] Assisting in: com.example.pokerratingservice.util.parserassistant.PokerStarsInitHandParserAssistant
2023-11-11 10:59:07,795 INFO c.e.p.u.p.PokerStarsInitHandParserAssistant [http-nio-8080-exec-1] Assisting in: com.example.pokerratingservice.util.parserassistant.PokerStarsInitHandParserAssistant
2023-11-11 10:59:07,828 DEBUG o.h.SQL [http-nio-8080-exec-1] delete from "player_hand" where "player_id"=?
2023-11-11 10:59:07,834 DEBUG o.h.SQL [http-nio-8080-exec-1] insert into "player_hand" ("player_id","hand_id") values (?,?)
2023-11-11 10:59:07,841 DEBUG o.h.SQL [http-nio-8080-exec-1] insert into "player_hand" ("player_id","hand_id") values (?,?)
2023-11-11 10:59:07,843 DEBUG o.h.SQL [http-nio-8080-exec-1] insert into "player_hand" ("player_id","hand_id") values (?,?)
2023-11-11 10:59:07,846 DEBUG o.h.SQL [http-nio-8080-exec-1] delete from "player_hand" where "player_id"=?
2023-11-11 10:59:07,847 DEBUG o.h.SQL [http-nio-8080-exec-1] insert into "player_hand" ("player_id","hand_id") values (?,?)
2023-11-11 10:59:07,849 DEBUG o.h.SQL [http-nio-8080-exec-1] insert into "player_hand" ("player_id","hand_id") values (?,?)
2023-11-11 10:59:07,850 DEBUG o.h.SQL [http-nio-8080-exec-1] insert into "player_hand" ("player_id","hand_id") values (?,?)
2023-11-11 10:59:07,850 DEBUG o.h.SQL [http-nio-8080-exec-1] delete from "player_hand" where "player_id"=?
2023-11-11 10:59:07,851 DEBUG o.h.SQL [http-nio-8080-exec-1] insert into "player_hand" ("player_id","hand_id") values (?,?)
2023-11-11 10:59:07,851 DEBUG o.h.SQL [http-nio-8080-exec-1] insert into "player_hand" ("player_id","hand_id") values (?,?)
2023-11-11 10:59:07,852 DEBUG o.h.SQL [http-nio-8080-exec-1] insert into "player_hand" ("player_id","hand_id") values (?,?)
2023-11-11 10:59:07,853 DEBUG o.h.SQL [http-nio-8080-exec-1] delete from "player_hand" where "player_id"=?
2023-11-11 10:59:07,854 DEBUG o.h.SQL [http-nio-8080-exec-1] insert into "player_hand" ("player_id","hand_id") values (?,?)
2023-11-11 10:59:07,856 DEBUG o.h.SQL [http-nio-8080-exec-1] insert into "player_hand" ("player_id","hand_id") values (?,?)
2023-11-11 10:59:07,856 DEBUG o.h.SQL [http-nio-8080-exec-1] insert into "player_hand" ("player_id","hand_id") values (?,?)
2023-11-11 10:59:07,856 DEBUG o.h.SQL [http-nio-8080-exec-1] delete from "player_hand" where "player_id"=?
2023-11-11 10:59:07,857 DEBUG o.h.SQL [http-nio-8080-exec-1] insert into "player_hand" ("player_id","hand_id") values (?,?)
2023-11-11 10:59:07,857 DEBUG o.h.SQL [http-nio-8080-exec-1] insert into "player_hand" ("player_id","hand_id") values (?,?)
2023-11-11 10:59:07,858 DEBUG o.h.SQL [http-nio-8080-exec-1] insert into "player_hand" ("player_id","hand_id") values (?,?)
